#
# There is insufficient memory for the Java Runtime Environment to continue.
# Native memory allocation (malloc) failed to allocate 1048576 bytes. Error detail: AllocateHeap
# Possible reasons:
#   The system is out of physical RAM or swap space
#   This process is running with CompressedOops enabled, and the Java Heap may be blocking the growth of the native heap
# Possible solutions:
#   Reduce memory load on the system
#   Increase physical memory or swap space
#   Check if swap backing store is full
#   Decrease Java heap size (-Xmx/-Xms)
#   Decrease number of Java threads
#   Decrease Java thread stack sizes (-Xss)
#   Set larger code cache with -XX:ReservedCodeCacheSize=
#   JVM is running with Unscaled Compressed Oops mode in which the Java heap is
#     placed in the first 4GB address space. The Java Heap base address is the
#     maximum limit for the native heap growth. Please use -XX:HeapBaseMinAddress
#     to set the Java Heap base and to place the Java Heap above 4GB virtual address.
# This output file may be truncated or incomplete.
#
#  Out of Memory Error (allocation.cpp:44), pid=24424, tid=23368
#
# JRE version:  (21.0.8+9) (build )
# Java VM: OpenJDK 64-Bit Server VM (21.0.8+9-LTS, mixed mode, sharing, tiered, compressed oops, compressed class ptrs, g1 gc, windows-amd64)
# No core dump will be written. Minidumps are not enabled by default on client versions of Windows
#

---------------  S U M M A R Y ------------

Command Line: -Dfile.encoding=UTF-8 -Dstdout.encoding=UTF-8 -Dstderr.encoding=UTF-8 -XX:+ShowCodeDetailsInExceptionMessages MainDashboard

Host: Intel(R) Core(TM) i3-8130U CPU @ 2.20GHz, 4 cores, 15G,  Windows 10 , 64 bit Build 19041 (10.0.19041.5915)
Time: Fri Nov 28 18:14:16 2025 Eastern Standard Time elapsed time: 0.013355 seconds (0d 0h 0m 0s)

---------------  T H R E A D  ---------------

Current thread (0x0000026c12fe2ab0):  JavaThread "Unknown thread" [_thread_in_vm, id=23368, stack(0x000000749f900000,0x000000749fa00000) (1024K)]

Stack: [0x000000749f900000,0x000000749fa00000]
Native frames: (J=compiled Java code, j=interpreted, Vv=VM code, C=native code)
V  [jvm.dll+0x6d2449]
V  [jvm.dll+0x8ae341]
V  [jvm.dll+0x8b08be]
V  [jvm.dll+0x8b0fa3]
V  [jvm.dll+0x280c96]
V  [jvm.dll+0xc0347]
V  [jvm.dll+0x32a6f5]
V  [jvm.dll+0x87759d]
V  [jvm.dll+0x3bed71]
V  [jvm.dll+0x8605d3]
V  [jvm.dll+0x4530ee]
V  [jvm.dll+0x454d31]
C  [jli.dll+0x5278]
C  [ucrtbase.dll+0x21bb2]
C  [KERNEL32.DLL+0x17374]
C  [ntdll.dll+0x4cc91]


---------------  P R O C E S S  ---------------

Threads class SMR info:
_java_thread_list=0x00007ffc358611c8, length=0, elements={
}

Java Threads: ( => current thread )
Total: 0

Other Threads:

=>0x0000026c12fe2ab0 (exited) JavaThread "Unknown thread"    [_thread_in_vm, id=23368, stack(0x000000749f900000,0x000000749fa00000) (1024K)]
Total: 1

Threads with active compile tasks:
Total: 0

VM state: not at safepoint (not fully initialized)

VM Mutex/Monitor currently owned by a thread: None

Heap address: 0x0000000000000000, size: 0 MB, Compressed Oops mode: 32-bit

CDS archive(s) mapped at: [0x0000000000000000-0x0000000000000000-0x0000000000000000), size 0, SharedBaseAddress: 0x0000000800000000, ArchiveRelocationMode: 1.
Narrow klass base: 0x0000000000000000, Narrow klass shift: 0, Narrow klass range: 0x0

GC Precious Log:
 CardTable entry size: 512
 Card Set container configuration: InlinePtr #cards 4 size 8 Array Of Cards #cards 16 size 48 Howl #buckets 8 coarsen threshold 3686 Howl Bitmap #cards 512 size 80 coarsen threshold 460 Card regions per heap region 1 cards per card region 4096

GC Heap History (0 events):
No events

Dll operation events (1 events):
Event: 0.009 Loaded shared library D:\eclipse-java-2025-09-R-win32-x86_64\eclipse\plugins\org.eclipse.justj.openjdk.hotspot.jre.full.win32.x86_64_21.0.8.v20250724-1412\jre\bin\java.dll

Deoptimization events (0 events):
No events

Classes loaded (0 events):
No events

Classes unloaded (0 events):
No events

Classes redefined (0 events):
No events

Internal exceptions (0 events):
No events

ZGC Phase Switch (0 events):
No events

VM Operations (0 events):
No events

Memory protections (0 events):
No events

Nmethod flushes (0 events):
No events

Events (0 events):
No events


Dynamic libraries:
0x00007ff791210000 - 0x00007ff79121e000 	D:\eclipse-java-2025-09-R-win32-x86_64\eclipse\plugins\org.eclipse.justj.openjdk.hotspot.jre.full.win32.x86_64_21.0.8.v20250724-1412\jre\bin\javaw.exe
0x00007ffcc7f10000 - 0x00007ffcc8108000 	C:\WINDOWS\SYSTEM32\ntdll.dll
0x00007ffcc6110000 - 0x00007ffcc61d2000 	C:\WINDOWS\System32\KERNEL32.DLL
0x00007ffcc57f0000 - 0x00007ffcc5ae6000 	C:\WINDOWS\System32\KERNELBASE.dll
0x00007ffcc5cd0000 - 0x00007ffcc5dd0000 	C:\WINDOWS\System32\ucrtbase.dll
0x00007ffcbd670000 - 0x00007ffcbd68e000 	D:\eclipse-java-2025-09-R-win32-x86_64\eclipse\plugins\org.eclipse.justj.openjdk.hotspot.jre.full.win32.x86_64_21.0.8.v20250724-1412\jre\bin\VCRUNTIME140.dll
0x00007ffcbd690000 - 0x00007ffcbd6a8000 	D:\eclipse-java-2025-09-R-win32-x86_64\eclipse\plugins\org.eclipse.justj.openjdk.hotspot.jre.full.win32.x86_64_21.0.8.v20250724-1412\jre\bin\jli.dll
0x00007ffcc6fb0000 - 0x00007ffcc7151000 	C:\WINDOWS\System32\USER32.dll
0x00007ffcc5f00000 - 0x00007ffcc5f22000 	C:\WINDOWS\System32\win32u.dll
0x00007ffcac0d0000 - 0x00007ffcac36b000 	C:\WINDOWS\WinSxS\amd64_microsoft.windows.common-controls_6595b64144ccf1df_6.0.19041.6456_none_60b8a6cb71f64256\COMCTL32.dll
0x00007ffcc6590000 - 0x00007ffcc65bb000 	C:\WINDOWS\System32\GDI32.dll
0x00007ffcc66a0000 - 0x00007ffcc673e000 	C:\WINDOWS\System32\msvcrt.dll
0x00007ffcc56d0000 - 0x00007ffcc57e9000 	C:\WINDOWS\System32\gdi32full.dll
0x00007ffcc5630000 - 0x00007ffcc56cd000 	C:\WINDOWS\System32\msvcp_win.dll
0x00007ffcc65c0000 - 0x00007ffcc65ef000 	C:\WINDOWS\System32\IMM32.DLL
0x00007ffcbe240000 - 0x00007ffcbe24c000 	D:\eclipse-java-2025-09-R-win32-x86_64\eclipse\plugins\org.eclipse.justj.openjdk.hotspot.jre.full.win32.x86_64_21.0.8.v20250724-1412\jre\bin\vcruntime140_1.dll
0x00007ffc7cf00000 - 0x00007ffc7cf8d000 	D:\eclipse-java-2025-09-R-win32-x86_64\eclipse\plugins\org.eclipse.justj.openjdk.hotspot.jre.full.win32.x86_64_21.0.8.v20250724-1412\jre\bin\msvcp140.dll
0x00007ffc34c20000 - 0x00007ffc359b7000 	D:\eclipse-java-2025-09-R-win32-x86_64\eclipse\plugins\org.eclipse.justj.openjdk.hotspot.jre.full.win32.x86_64_21.0.8.v20250724-1412\jre\bin\server\jvm.dll
0x00007ffcc7cd0000 - 0x00007ffcc7d81000 	C:\WINDOWS\System32\ADVAPI32.dll
0x00007ffcc7160000 - 0x00007ffcc71ff000 	C:\WINDOWS\System32\sechost.dll
0x00007ffcc6400000 - 0x00007ffcc6520000 	C:\WINDOWS\System32\RPCRT4.dll
0x00007ffcc5ca0000 - 0x00007ffcc5cc7000 	C:\WINDOWS\System32\bcrypt.dll
0x00007ffcc6eb0000 - 0x00007ffcc6f1b000 	C:\WINDOWS\System32\WS2_32.dll
0x00007ffcc5400000 - 0x00007ffcc544b000 	C:\WINDOWS\SYSTEM32\POWRPROF.dll
0x00007ffcac600000 - 0x00007ffcac627000 	C:\WINDOWS\SYSTEM32\WINMM.dll
0x00007ffcbc900000 - 0x00007ffcbc90a000 	C:\WINDOWS\SYSTEM32\VERSION.dll
0x00007ffcc53e0000 - 0x00007ffcc53f2000 	C:\WINDOWS\SYSTEM32\UMPDC.dll
0x00007ffcc3de0000 - 0x00007ffcc3df2000 	C:\WINDOWS\SYSTEM32\kernel.appcore.dll
0x00007ffcc2080000 - 0x00007ffcc208a000 	D:\eclipse-java-2025-09-R-win32-x86_64\eclipse\plugins\org.eclipse.justj.openjdk.hotspot.jre.full.win32.x86_64_21.0.8.v20250724-1412\jre\bin\jimage.dll
0x00007ffcc3ab0000 - 0x00007ffcc3cb1000 	C:\WINDOWS\SYSTEM32\DBGHELP.DLL
0x00007ffca97c0000 - 0x00007ffca97f4000 	C:\WINDOWS\SYSTEM32\dbgcore.DLL
0x00007ffcc55a0000 - 0x00007ffcc5622000 	C:\WINDOWS\System32\bcryptPrimitives.dll
0x00007ffcbf300000 - 0x00007ffcbf31f000 	D:\eclipse-java-2025-09-R-win32-x86_64\eclipse\plugins\org.eclipse.justj.openjdk.hotspot.jre.full.win32.x86_64_21.0.8.v20250724-1412\jre\bin\java.dll

JVMTI agents: none

dbghelp: loaded successfully - version: 4.0.5 - missing functions: none
symbol engine: initialized successfully - sym options: 0x614 - pdb path: .;D:\eclipse-java-2025-09-R-win32-x86_64\eclipse\plugins\org.eclipse.justj.openjdk.hotspot.jre.full.win32.x86_64_21.0.8.v20250724-1412\jre\bin;C:\WINDOWS\SYSTEM32;C:\WINDOWS\WinSxS\amd64_microsoft.windows.common-controls_6595b64144ccf1df_6.0.19041.6456_none_60b8a6cb71f64256;D:\eclipse-java-2025-09-R-win32-x86_64\eclipse\plugins\org.eclipse.justj.openjdk.hotspot.jre.full.win32.x86_64_21.0.8.v20250724-1412\jre\bin\server

VM Arguments:
jvm_args: -Dfile.encoding=UTF-8 -Dstdout.encoding=UTF-8 -Dstderr.encoding=UTF-8 -XX:+ShowCodeDetailsInExceptionMessages 
java_command: MainDashboard
java_class_path (initial): C:\Users\waghm\eclipse-workspace\COSC457DBMSProject\bin;D:\mysql-connector-j-9.5.0.jar
Launcher Type: SUN_STANDARD

[Global flags]
     intx CICompilerCount                          = 3                                         {product} {ergonomic}
     uint ConcGCThreads                            = 1                                         {product} {ergonomic}
     uint G1ConcRefinementThreads                  = 4                                         {product} {ergonomic}
   size_t G1HeapRegionSize                         = 2097152                                   {product} {ergonomic}
    uintx GCDrainStackTargetSize                   = 64                                        {product} {ergonomic}
   size_t InitialHeapSize                          = 268435456                                 {product} {ergonomic}
   size_t MarkStackSize                            = 4194304                                   {product} {ergonomic}
   size_t MaxHeapSize                              = 4269801472                                {product} {ergonomic}
   size_t MinHeapDeltaBytes                        = 2097152                                   {product} {ergonomic}
   size_t MinHeapSize                              = 8388608                                   {product} {ergonomic}
    uintx NonNMethodCodeHeapSize                   = 5832780                                {pd product} {ergonomic}
    uintx NonProfiledCodeHeapSize                  = 122912730                              {pd product} {ergonomic}
    uintx ProfiledCodeHeapSize                     = 122912730                              {pd product} {ergonomic}
    uintx ReservedCodeCacheSize                    = 251658240                              {pd product} {ergonomic}
     bool SegmentedCodeCache                       = true                                      {product} {ergonomic}
     bool ShowCodeDetailsInExceptionMessages       = true                                   {manageable} {command line}
   size_t SoftMaxHeapSize                          = 4269801472                             {manageable} {ergonomic}
     bool UseCompressedOops                        = true                           {product lp64_product} {ergonomic}
     bool UseG1GC                                  = true                                      {product} {ergonomic}
     bool UseLargePagesIndividualAllocation        = false                                  {pd product} {ergonomic}

Logging:
Log output configuration:
 #0: stdout all=warning uptime,level,tags foldmultilines=false
 #1: stderr all=off uptime,level,tags foldmultilines=false

Environment Variables:
JAVA_HOME=C:\Program Files\Java\jdk-21
PATH=D:/eclipse-java-2025-09-R-win32-x86_64/eclipse//plugins/org.eclipse.justj.openjdk.hotspot.jre.full.win32.x86_64_21.0.8.v20250724-1412/jre/bin/server;D:/eclipse-java-2025-09-R-win32-x86_64/eclipse//plugins/org.eclipse.justj.openjdk.hotspot.jre.full.win32.x86_64_21.0.8.v20250724-1412/jre/bin;C:\Program Files\Common Files\Oracle\Java\javapath;C:\Program Files (x86)\VMware\VMware Workstation\bin\;C:\gcc-14.2.0-no-debug (1)\bin;C:\gcc-14.2.0-no-debug\x86_64-w64-mingw32\bin;C:\gcc-14.2.0-no-debug\bin;C:\MinGW\bin;C:\WINDOWS\system32;C:\WINDOWS;C:\WINDOWS\System32\Wbem;C:\WINDOWS\System32\WindowsPowerShell\v1.0\;C:\Program Files\Java\jdk-21\bin;C:\Users\waghm\AppData\Local\Packages\PythonSoftwareFoundation.Python.3.10_qbz5n2kfra8p0\LocalCache\local-packages\Python310\Scripts;C:\WINDOWS\System32\OpenSSH\;C:\Program Files\Cloudflare\Cloudflare WARP\;C:\Program Files\Git\cmd;C:\Program Files\Microsoft SQL Server\150\Tools\Binn\;C:\WINDOWS\system32\config\systemprofile\AppData\Local\Muse Hub\lib;C:\Program Files\nodejs\;C:\Users\waghm\.cargo\bin;C:\Users\waghm\AppData\Local\Microsoft\WindowsApps;C:\Users\waghm\AppData\Local\JetBrains\IntelliJ IDEA 2023.2\bin;;C:\Users\waghm\AppData\Local\Programs\Microsoft VS Code\bin;C:\msys64\ucrt64\bin;C:\Users\waghm\AppData\Local\Microsoft\WinGet\Packages\astral-sh.uv_Microsoft.Winget.Source_8wekyb3d8bbwe;C:\Users\waghm\AppData\Roaming\npm;D:\eclipse-java-2025-09-R-win32-x86_64\eclipse;
USERNAME=waghm
OS=Windows_NT
PROCESSOR_IDENTIFIER=Intel64 Family 6 Model 142 Stepping 10, GenuineIntel
TMP=C:\Users\waghm\AppData\Local\Temp
TEMP=C:\Users\waghm\AppData\Local\Temp




Periodic native trim disabled

---------------  S Y S T E M  ---------------

OS:
 Windows 10 , 64 bit Build 19041 (10.0.19041.5915)
OS uptime: 9 days 12:05 hours

CPU: total 4 (initial active 4) (2 cores per cpu, 2 threads per core) family 6 model 142 stepping 10 microcode 0xf0, cx8, cmov, fxsr, ht, mmx, 3dnowpref, sse, sse2, sse3, ssse3, sse4.1, sse4.2, popcnt, lzcnt, tsc, tscinvbit, avx, avx2, aes, erms, clmul, bmi1, bmi2, adx, fma, vzeroupper, clflush, clflushopt, rdtscp, f16c
Processor Information for the first 4 processors :
  Max Mhz: 2201, Current Mhz: 2201, Mhz Limit: 2201

Memory: 4k page, system-wide physical 16286M (3400M free)
TotalPageFile size 30094M (AvailPageFile size 4M)
current process WorkingSet (physical memory assigned to process): 9M, peak: 9M
current process commit charge ("private bytes"): 10M, peak: 11M

vm_info: OpenJDK 64-Bit Server VM (21.0.8+9-LTS) for windows-amd64 JRE (21.0.8+9-LTS), built on 2025-07-15T00:00:00Z by "admin" with MS VC++ 17.7 (VS2022)

END.
